<?xml version="1.0" encoding="UTF-8"?>
<!-- Generated by org.testng.reporters.JUnitReportReporter -->
<testsuite hostname="DESKTOP-9LQCJLJ" name="com.selenium.tests.LoginTest" tests="2" failures="0" timestamp="9 May 2020 06:32:22 GMT" time="36.273" errors="0">
  <testcase name="login_001" time="18.720" classname="com.selenium.tests.LoginTest"/>
  <testcase name="login_002" time="17.553" classname="com.selenium.tests.LoginTest"/>
</testsuite> <!-- com.selenium.tests.LoginTest -->
